<?xml version="1.0" encoding="UTF-8"?>
<!-- Generated by org.testng.reporters.JUnitReportReporter -->
<testsuite hostname="LAPTOP-6AJUMCDK" failures="0" tests="1" name="com.frameworkcompany.config.StartBrowser" time="2.455" errors="0" timestamp="2022-08-19T12:52:14 IST" skipped="0">
  <testcase classname="com.frameworkcompany.config.StartBrowser" name="testabc" time="2.455"/>
  <system-out/>
</testsuite> <!-- com.frameworkcompany.config.StartBrowser -->
