<?xml version="1.0" encoding="UTF-8"?>
<!-- Generated by org.testng.reporters.JUnitReportReporter -->
<testsuite hostname="LAPTOP-6AJUMCDK" failures="0" tests="1" name="com.frameworkcompany.scripts.Login_Logout" time="32.596" errors="0" timestamp="2022-08-30T23:24:19 IST" skipped="0">
  <testcase classname="com.frameworkcompany.scripts.Login_Logout" name="Login_LogoutTestCase" time="32.596"/>
  <system-out/>
</testsuite> <!-- com.frameworkcompany.scripts.Login_Logout -->
