<?xml version="1.0" encoding="UTF-8"?>
<!-- Generated by org.testng.reporters.JUnitReportReporter -->
<testsuite hostname="LAPTOP-6AJUMCDK" failures="0" tests="1" name="com.frameworkcompany.scripts.Login_Logout_Excel" time="161.021" errors="0" timestamp="2022-09-10T09:16:24 IST" skipped="0">
  <testcase classname="com.frameworkcompany.scripts.Login_Logout_Excel" name="Login_Logout_ExcelTestCase" time="161.021"/>
  <system-out/>
</testsuite> <!-- com.frameworkcompany.scripts.Login_Logout_Excel -->
